
************************************************************************************************************************
*                                                                                                                      *
*                                             You are using MAiNGO v0.3.0                                              *
*                                                                                                                      *
*  Please cite the latest MAiNGO report from http://permalink.avt.rwth-aachen.de/?id=729717 :                          *
*  Bongartz, D., Najman, J., Sass, S. and Mitsos, A., MAiNGO - McCormick-based Algorithm for mixed-integer Nonlinear   *
*  Global Optimization. Technical Report, Process Systems Engineering (AVT.SVT), RWTH Aachen University (2018).        *
*                                                                                                                      *
************************************************************************************************************************
  Settings set by the user:
    maxTime 3600
    PRE_maxLocalSearches 50
    Could not find setting outstreamVerbosity. Proceeding.
  Done.

  Pre-processing at root node:
    Initialize subsolvers...
      Multistart: IPOPT
      Upper bounding: SLSQP
      Lower bounding: CLP
    Warning: bounds of integer variable x_0 are changed from user input [nan, nan] to [0, 1].
    Warning: bounds of integer variable x_1 are changed from user input [nan, nan] to [0, 1].
    Warning: bounds of integer variable x_2 are changed from user input [nan, nan] to [0, 1].
    Warning: bounds of integer variable x_3 are changed from user input [nan, nan] to [0, 1].
    Warning: bounds of integer variable x_4 are changed from user input [nan, nan] to [0, 1].
    Warning: bounds of integer variable x_5 are changed from user input [nan, nan] to [0, 1].
    Warning: bounds of integer variable x_6 are changed from user input [nan, nan] to [0, 1].
    Warning: bounds of integer variable x_7 are changed from user input [nan, nan] to [0, 1].
    Warning: bounds of integer variable x_8 are changed from user input [nan, nan] to [0, 1].
    Warning: bounds of integer variable x_9 are changed from user input [nan, nan] to [0, 1].
    Warning: bounds of integer variable x_10 are changed from user input [nan, nan] to [0, 1].
    Warning: bounds of integer variable x_11 are changed from user input [nan, nan] to [0, 1].
    Warning: bounds of integer variable x_12 are changed from user input [nan, nan] to [0, 1].
    Warning: bounds of integer variable x_13 are changed from user input [nan, nan] to [0, 1].
    Warning: bounds of integer variable x_14 are changed from user input [nan, nan] to [0, 1].
    Warning: bounds of integer variable x_15 are changed from user input [nan, nan] to [0, 1].
    Warning: bounds of integer variable x_16 are changed from user input [nan, nan] to [0, 1].
    Warning: bounds of integer variable x_17 are changed from user input [nan, nan] to [0, 1].
    Warning: bounds of integer variable x_18 are changed from user input [nan, nan] to [0, 1].
    Warning: bounds of integer variable x_19 are changed from user input [nan, nan] to [0, 1].
    Warning: bounds of integer variable x_20 are changed from user input [nan, nan] to [0, 1].
    Warning: bounds of integer variable x_21 are changed from user input [nan, nan] to [0, 1].
    Warning: bounds of integer variable x_22 are changed from user input [nan, nan] to [0, 1].
    Warning: bounds of integer variable x_23 are changed from user input [nan, nan] to [0, 1].
    Warning: bounds of integer variable x_24 are changed from user input [nan, nan] to [0, 1].
    Warning: bounds of integer variable x_25 are changed from user input [nan, nan] to [0, 1].
    Warning: bounds of integer variable x_26 are changed from user input [nan, nan] to [0, 1].
    Warning: bounds of integer variable x_27 are changed from user input [nan, nan] to [0, 1].
    Warning: bounds of integer variable x_28 are changed from user input [nan, nan] to [0, 1].
    Warning: bounds of integer variable x_29 are changed from user input [nan, nan] to [0, 1].
    Warning: bounds of integer variable x_30 are changed from user input [nan, nan] to [0, 1].
    Warning: bounds of integer variable x_31 are changed from user input [nan, nan] to [0, 1].
    Warning: bounds of integer variable x_32 are changed from user input [nan, nan] to [0, 1].
    Warning: bounds of integer variable x_33 are changed from user input [nan, nan] to [0, 1].
    Warning: bounds of integer variable x_34 are changed from user input [nan, nan] to [0, 1].
    Warning: bounds of integer variable x_35 are changed from user input [nan, nan] to [0, 1].
    Warning: bounds of integer variable x_36 are changed from user input [nan, nan] to [0, 1].
    Warning: bounds of integer variable x_37 are changed from user input [nan, nan] to [0, 1].
    Warning: bounds of integer variable x_38 are changed from user input [nan, nan] to [0, 1].
    Warning: bounds of integer variable x_39 are changed from user input [nan, nan] to [0, 1].
    Warning: bounds of integer variable x_40 are changed from user input [nan, nan] to [0, 1].
    Warning: bounds of integer variable x_41 are changed from user input [nan, nan] to [0, 1].
    Warning: bounds of integer variable x_42 are changed from user input [nan, nan] to [0, 1].
    Warning: bounds of integer variable x_43 are changed from user input [nan, nan] to [0, 1].
    Warning: bounds of integer variable x_44 are changed from user input [nan, nan] to [0, 1].
    Warning: bounds of integer variable x_45 are changed from user input [nan, nan] to [0, 1].
    Warning: bounds of integer variable x_46 are changed from user input [nan, nan] to [0, 1].
    Warning: bounds of integer variable x_47 are changed from user input [nan, nan] to [0, 1].
    Warning: bounds of integer variable x_48 are changed from user input [nan, nan] to [0, 1].
    Warning: bounds of integer variable x_49 are changed from user input [nan, nan] to [0, 1].
    Warning: bounds of integer variable x_50 are changed from user input [nan, nan] to [0, 1].
    Warning: bounds of integer variable x_51 are changed from user input [nan, nan] to [0, 1].
    Warning: bounds of integer variable x_52 are changed from user input [nan, nan] to [0, 1].
    Warning: bounds of integer variable x_53 are changed from user input [nan, nan] to [0, 1].
    Warning: bounds of integer variable x_54 are changed from user input [nan, nan] to [0, 1].
    Warning: bounds of integer variable x_55 are changed from user input [nan, nan] to [0, 1].
    Warning: bounds of integer variable x_56 are changed from user input [nan, nan] to [0, 1].
    Warning: bounds of integer variable x_57 are changed from user input [nan, nan] to [0, 1].
    Warning: bounds of integer variable x_58 are changed from user input [nan, nan] to [0, 1].
    Warning: bounds of integer variable x_59 are changed from user input [nan, nan] to [0, 1].
    Warning: bounds of integer variable x_60 are changed from user input [nan, nan] to [0, 1].
    Warning: bounds of integer variable x_61 are changed from user input [nan, nan] to [0, 1].
    Warning: bounds of integer variable x_62 are changed from user input [nan, nan] to [0, 1].
    Warning: bounds of integer variable x_63 are changed from user input [nan, nan] to [0, 1].
    Warning: bounds of integer variable x_64 are changed from user input [nan, nan] to [0, 1].
    Warning: bounds of integer variable x_65 are changed from user input [nan, nan] to [0, 1].
    Warning: bounds of integer variable x_66 are changed from user input [nan, nan] to [0, 1].
    Warning: bounds of integer variable x_67 are changed from user input [nan, nan] to [0, 1].
    Warning: bounds of integer variable x_68 are changed from user input [nan, nan] to [0, 1].
    Warning: bounds of integer variable x_69 are changed from user input [nan, nan] to [0, 1].
    Warning: bounds of integer variable x_70 are changed from user input [nan, nan] to [0, 1].
    Warning: bounds of integer variable x_71 are changed from user input [nan, nan] to [0, 1].
    Warning: bounds of integer variable x_72 are changed from user input [nan, nan] to [0, 1].
    Warning: bounds of integer variable x_73 are changed from user input [nan, nan] to [0, 1].
    Warning: bounds of integer variable x_74 are changed from user input [nan, nan] to [0, 1].
    Warning: bounds of integer variable x_75 are changed from user input [nan, nan] to [0, 1].
    Warning: bounds of integer variable x_76 are changed from user input [nan, nan] to [0, 1].
    Warning: bounds of integer variable x_77 are changed from user input [nan, nan] to [0, 1].
    Warning: bounds of integer variable x_78 are changed from user input [nan, nan] to [0, 1].
    Warning: bounds of integer variable x_79 are changed from user input [nan, nan] to [0, 1].
    Warning: bounds of integer variable x_80 are changed from user input [nan, nan] to [0, 1].
    Warning: bounds of integer variable x_81 are changed from user input [nan, nan] to [0, 1].
    Warning: bounds of integer variable x_82 are changed from user input [nan, nan] to [0, 1].
    Warning: bounds of integer variable x_83 are changed from user input [nan, nan] to [0, 1].
    Warning: bounds of integer variable x_84 are changed from user input [nan, nan] to [0, 1].
    Warning: bounds of integer variable x_85 are changed from user input [nan, nan] to [0, 1].
    Warning: bounds of integer variable x_86 are changed from user input [nan, nan] to [0, 1].
    Warning: bounds of integer variable x_87 are changed from user input [nan, nan] to [0, 1].
    Constraint propagation...
    Optimization-based bound tightening (feasibility only)...
    Multistart local searches...
      No feasible point found.
    CPU time: 9.66723 s.
  Done.

  Entering branch-and-bound loop:
  Iteration        LBD              UBD        NodesLeft        AbsGap           RelGap            CPU       
          1     0.000000e+00     6.904659e-02          2     6.904659e-02     1.000000e+00     9.732382e+00  
        100     0.000000e+00     6.769601e-02        101     6.769601e-02     1.000000e+00     1.573678e+01  
        200     0.000000e+00     6.769601e-02        201     6.769601e-02     1.000000e+00     2.178473e+01  
        300     0.000000e+00     6.769601e-02        301     6.769601e-02     1.000000e+00     2.765200e+01  
        400     0.000000e+00     6.758989e-02        401     6.758989e-02     1.000000e+00     3.344009e+01  
        500     0.000000e+00     6.758989e-02        501     6.758989e-02     1.000000e+00     3.934605e+01  
        600     0.000000e+00     6.714185e-02        601     6.714185e-02     1.000000e+00     4.554045e+01  
        700     0.000000e+00     6.714185e-02        701     6.714185e-02     1.000000e+00     5.154934e+01  
        800     0.000000e+00     6.714185e-02        801     6.714185e-02     1.000000e+00     5.766080e+01  
        900     0.000000e+00     6.714185e-02        901     6.714185e-02     1.000000e+00     6.379947e+01  
       1000     0.000000e+00     6.714185e-02       1001     6.714185e-02     1.000000e+00     6.997271e+01  
       1100     0.000000e+00     6.714185e-02       1101     6.714185e-02     1.000000e+00     7.636376e+01  
       1200     0.000000e+00     6.714185e-02       1201     6.714185e-02     1.000000e+00     8.263607e+01  
       1300     0.000000e+00     6.640399e-02       1301     6.640399e-02     1.000000e+00     8.904856e+01  
       1400     0.000000e+00     6.640399e-02       1401     6.640399e-02     1.000000e+00     9.500826e+01  
       1500     0.000000e+00     6.640399e-02       1501     6.640399e-02     1.000000e+00     1.010886e+02  
       1600     0.000000e+00     6.640399e-02       1601     6.640399e-02     1.000000e+00     1.072890e+02  
       1700     0.000000e+00     6.640399e-02       1701     6.640399e-02     1.000000e+00     1.136177e+02  
       1800     0.000000e+00     6.636909e-02       1801     6.636909e-02     1.000000e+00     1.199053e+02  
       1900     0.000000e+00     6.620542e-02       1901     6.620542e-02     1.000000e+00     1.263346e+02  
  Iteration        LBD              UBD        NodesLeft        AbsGap           RelGap            CPU       
       2000     0.000000e+00     6.620542e-02       2001     6.620542e-02     1.000000e+00     1.324911e+02  
       2100     0.000000e+00     6.620542e-02       2101     6.620542e-02     1.000000e+00     1.388977e+02  
       2200     0.000000e+00     6.620542e-02       2201     6.620542e-02     1.000000e+00     1.452776e+02  
       2300     0.000000e+00     6.620542e-02       2301     6.620542e-02     1.000000e+00     1.515346e+02  
       2400     0.000000e+00     6.620542e-02       2401     6.620542e-02     1.000000e+00     1.578489e+02  
       2500     0.000000e+00     6.620542e-02       2501     6.620542e-02     1.000000e+00     1.640134e+02  
       2600     0.000000e+00     6.620542e-02       2601     6.620542e-02     1.000000e+00     1.701199e+02  
       2700     0.000000e+00     6.620542e-02       2701     6.620542e-02     1.000000e+00     1.762726e+02  
       2800     0.000000e+00     6.620542e-02       2801     6.620542e-02     1.000000e+00     1.826353e+02  
       2900     0.000000e+00     6.620542e-02       2901     6.620542e-02     1.000000e+00     1.886966e+02  
       3000     0.000000e+00     6.620542e-02       3001     6.620542e-02     1.000000e+00     1.948572e+02  
       3100     0.000000e+00     6.620542e-02       3101     6.620542e-02     1.000000e+00     2.010203e+02  
       3200     0.000000e+00     6.620542e-02       3201     6.620542e-02     1.000000e+00     2.067986e+02  
       3300     0.000000e+00     6.620542e-02       3301     6.620542e-02     1.000000e+00     2.127953e+02  
       3400     0.000000e+00     6.620542e-02       3401     6.620542e-02     1.000000e+00     2.192074e+02  
       3500     0.000000e+00     6.620542e-02       3501     6.620542e-02     1.000000e+00     2.257129e+02  
       3600     0.000000e+00     6.620542e-02       3601     6.620542e-02     1.000000e+00     2.317592e+02  
       3700     0.000000e+00     6.620542e-02       3701     6.620542e-02     1.000000e+00     2.379806e+02  
       3800     0.000000e+00     6.620542e-02       3801     6.620542e-02     1.000000e+00     2.442960e+02  
       3900     0.000000e+00     6.620542e-02       3901     6.620542e-02     1.000000e+00     2.509401e+02  
       4000     0.000000e+00     6.620542e-02       4001     6.620542e-02     1.000000e+00     2.569779e+02  
       4100     0.000000e+00     6.620542e-02       4101     6.620542e-02     1.000000e+00     2.628230e+02  
       4200     0.000000e+00     6.620542e-02       4201     6.620542e-02     1.000000e+00     2.687023e+02  
       4300     0.000000e+00     6.620542e-02       4301     6.620542e-02     1.000000e+00     2.746655e+02  
       4400     0.000000e+00     6.620542e-02       4401     6.620542e-02     1.000000e+00     2.809164e+02  
       4500     0.000000e+00     6.620542e-02       4501     6.620542e-02     1.000000e+00     2.870473e+02  
       4600     0.000000e+00     6.620542e-02       4601     6.620542e-02     1.000000e+00     2.933616e+02  
       4700     0.000000e+00     6.620542e-02       4701     6.620542e-02     1.000000e+00     2.999577e+02  
       4800     0.000000e+00     6.620542e-02       4801     6.620542e-02     1.000000e+00     3.062685e+02  
       4900     1.390023e-07     6.620542e-02       4901     6.620528e-02     9.999979e-01     3.123308e+02  
       5000     9.893136e-07     6.600409e-02       5001     6.600311e-02     9.999850e-01     3.183264e+02  
       5100     2.103873e-06     6.600409e-02       5101     6.600199e-02     9.999681e-01     3.241965e+02  
       5200     3.815667e-06     6.600409e-02       5201     6.600028e-02     9.999422e-01     3.306761e+02  
       5300     5.323667e-06     6.600409e-02       5301     6.599877e-02     9.999193e-01     3.367674e+02  
       5400     6.969295e-06     6.600409e-02       5401     6.599713e-02     9.998944e-01     3.428984e+02  
       5500     9.455830e-06     6.600409e-02       5501     6.599464e-02     9.998567e-01     3.488339e+02  
       5600     1.206381e-05     6.600409e-02       5601     6.599203e-02     9.998172e-01     3.546283e+02  
       5700     1.460433e-05     6.600409e-02       5701     6.598949e-02     9.997787e-01     3.605715e+02  
       5800     1.853786e-05     6.600409e-02       5801     6.598556e-02     9.997191e-01     3.664562e+02  
       5900     2.384342e-05     6.600409e-02       5901     6.598025e-02     9.996388e-01     3.725144e+02  
       6000     3.288257e-05     6.600409e-02       6001     6.597121e-02     9.995018e-01     3.783096e+02  
       6100     4.022690e-05     6.532498e-02       6101     6.528476e-02     9.993842e-01     3.841904e+02  
       6200     5.084277e-05     6.532498e-02       6201     6.527414e-02     9.992217e-01     3.901679e+02  
       6300     6.172908e-05     6.532498e-02       6301     6.526326e-02     9.990550e-01     3.960517e+02  
       6400     7.036391e-05     6.532498e-02       6401     6.525462e-02     9.989229e-01     4.018484e+02  
       6500     8.098513e-05     6.532498e-02       6501     6.524400e-02     9.987603e-01     4.077536e+02  
       6600     9.043017e-05     6.532498e-02       6601     6.523455e-02     9.986157e-01     4.135200e+02  
       6700     9.922048e-05     6.532498e-02       6701     6.522576e-02     9.984811e-01     4.192402e+02  
       6800     1.099139e-04     6.532498e-02       6801     6.521507e-02     9.983174e-01     4.250289e+02  
       6900     1.187352e-04     6.532498e-02       6901     6.520625e-02     9.981824e-01     4.309685e+02  
       7000     1.284246e-04     6.532498e-02       7001     6.519656e-02     9.980341e-01     4.367252e+02  
       7100     1.352185e-04     6.532498e-02       7101     6.518977e-02     9.979301e-01     4.427364e+02  
       7200     1.429860e-04     6.532498e-02       7201     6.518200e-02     9.978112e-01     4.486700e+02  
       7300     1.501097e-04     6.532498e-02       7301     6.517487e-02     9.977021e-01     4.545677e+02  
       7400     1.583257e-04     6.532498e-02       7401     6.516666e-02     9.975763e-01     4.602338e+02  
       7500     1.642419e-04     6.532498e-02       7501     6.516074e-02     9.974858e-01     4.659716e+02  
       7600     1.741308e-04     6.532498e-02       7601     6.515085e-02     9.973344e-01     4.717832e+02  
       7700     1.822653e-04     6.532498e-02       7701     6.514272e-02     9.972099e-01     4.774752e+02  
       7800     1.913746e-04     6.532498e-02       7801     6.513361e-02     9.970704e-01     4.835063e+02  
       7900     2.030304e-04     6.532498e-02       7901     6.512195e-02     9.968920e-01     4.896105e+02  
       8000     2.186394e-04     6.532498e-02       8001     6.510634e-02     9.966531e-01     4.954296e+02  
       8100     2.314835e-04     6.532498e-02       8101     6.509350e-02     9.964564e-01     5.011543e+02  
       8200     2.465146e-04     6.532498e-02       8201     6.507847e-02     9.962263e-01     5.069843e+02  
       8300     2.647045e-04     6.461701e-02       8301     6.435230e-02     9.959035e-01     5.128052e+02  
       8400     2.778931e-04     6.461701e-02       8401     6.433911e-02     9.956994e-01     5.185477e+02  
       8500     2.918089e-04     6.461701e-02       8501     6.432520e-02     9.954840e-01     5.245763e+02  
       8600     3.032017e-04     6.461701e-02       8601     6.431381e-02     9.953077e-01     5.304155e+02  
       8700     3.155003e-04     6.461701e-02       8701     6.430151e-02     9.951174e-01     5.365890e+02  
       8800     3.239021e-04     6.461701e-02       8801     6.429310e-02     9.949874e-01     5.424694e+02  
       8900     3.346800e-04     6.461701e-02       8901     6.428233e-02     9.948206e-01     5.487674e+02  
       9000     3.450052e-04     6.461701e-02       9001     6.427200e-02     9.946608e-01     5.549546e+02  
       9100     3.553859e-04     6.461701e-02       9101     6.426162e-02     9.945001e-01     5.609073e+02  
       9200     3.632006e-04     6.461701e-02       9201     6.425381e-02     9.943792e-01     5.667482e+02  
       9300     3.734945e-04     6.461701e-02       9301     6.424351e-02     9.942199e-01     5.729595e+02  
       9400     3.837172e-04     6.461701e-02       9401     6.423329e-02     9.940617e-01     5.789008e+02  
       9500     3.934812e-04     6.461701e-02       9501     6.422353e-02     9.939106e-01     5.850792e+02  
       9600     4.042694e-04     6.461701e-02       9601     6.421274e-02     9.937436e-01     5.910845e+02  
       9700     4.134187e-04     6.461701e-02       9701     6.420359e-02     9.936020e-01     5.969493e+02  
       9800     4.232992e-04     6.461701e-02       9801     6.419371e-02     9.934491e-01     6.032420e+02  
       9900     4.353413e-04     6.461701e-02       9901     6.418167e-02     9.932627e-01     6.093182e+02  
      10000     4.437293e-04     6.461701e-02      10001     6.417328e-02     9.931329e-01     6.151841e+02  
      10100     4.526999e-04     6.461701e-02      10101     6.416431e-02     9.929941e-01     6.213646e+02  
      10200     4.621594e-04     6.461701e-02      10201     6.415485e-02     9.928477e-01     6.275212e+02  
      10300     4.716279e-04     6.461701e-02      10301     6.414538e-02     9.927012e-01     6.336798e+02  
      10400     4.817240e-04     6.461701e-02      10401     6.413528e-02     9.925449e-01     6.396200e+02  
      10500     4.921663e-04     6.461701e-02      10501     6.412484e-02     9.923833e-01     6.455037e+02  
      10600     5.030863e-04     6.461701e-02      10601     6.411392e-02     9.922143e-01     6.515289e+02  
      10700     5.180913e-04     6.461701e-02      10701     6.409892e-02     9.919821e-01     6.573879e+02  
      10800     5.310475e-04     6.461701e-02      10801     6.408596e-02     9.917816e-01     6.634644e+02  
      10900     5.432385e-04     6.461701e-02      10901     6.407377e-02     9.915929e-01     6.694971e+02  
      11000     5.579856e-04     6.461701e-02      11001     6.405902e-02     9.913647e-01     6.754160e+02  
      11100     5.761285e-04     6.461701e-02      11101     6.404088e-02     9.910839e-01     6.815596e+02  
      11200     5.956637e-04     6.461701e-02      11201     6.402134e-02     9.907816e-01     6.873343e+02  
      11300     6.093085e-04     6.461701e-02      11301     6.400770e-02     9.905705e-01     6.931763e+02  
      11400     6.246426e-04     6.461701e-02      11401     6.399236e-02     9.903332e-01     6.990591e+02  
      11500     6.378247e-04     6.461701e-02      11501     6.397918e-02     9.901292e-01     7.048056e+02  
      11600     6.500311e-04     6.461701e-02      11601     6.396698e-02     9.899402e-01     7.106522e+02  
      11700     6.627088e-04     6.461701e-02      11701     6.395430e-02     9.897440e-01     7.166367e+02  
      11800     6.737924e-04     6.461701e-02      11801     6.394321e-02     9.895725e-01     7.226424e+02  
      11900     6.864478e-04     6.461701e-02      11901     6.393056e-02     9.893767e-01     7.288160e+02  
      12000     6.955630e-04     6.461701e-02      12001     6.392144e-02     9.892356e-01     7.354287e+02  
      12100     7.022678e-04     6.461701e-02      12101     6.391474e-02     9.891318e-01     7.415523e+02  
      12200     7.120899e-04     6.461701e-02      12201     6.390492e-02     9.889798e-01     7.472985e+02  
      12300     7.221161e-04     6.461701e-02      12301     6.389489e-02     9.888247e-01     7.534016e+02  
      12400     7.300104e-04     6.461701e-02      12401     6.388700e-02     9.887025e-01     7.596536e+02  
      12500     7.397951e-04     6.461701e-02      12501     6.387721e-02     9.885511e-01     7.658241e+02  
      12600     7.508395e-04     6.461701e-02      12601     6.386617e-02     9.883802e-01     7.721361e+02  
      12700     7.589801e-04     6.461701e-02      12701     6.385803e-02     9.882542e-01     7.784425e+02  
      12800     7.671084e-04     6.461701e-02      12801     6.384990e-02     9.881284e-01     7.846711e+02  
      12900     7.774256e-04     6.461701e-02      12901     6.383958e-02     9.879687e-01     7.909133e+02  
      13000     7.888992e-04     6.461701e-02      13001     6.382811e-02     9.877912e-01     7.967067e+02  
      13100     7.997840e-04     6.461701e-02      13101     6.381722e-02     9.876227e-01     8.025633e+02  
      13200     8.097119e-04     6.461701e-02      13201     6.380730e-02     9.874691e-01     8.083234e+02  
      13300     8.186781e-04     6.461701e-02      13301     6.379833e-02     9.873303e-01     8.141155e+02  
      13400     8.279546e-04     6.461701e-02      13401     6.378905e-02     9.871867e-01     8.198690e+02  
      13500     8.371283e-04     6.461701e-02      13501     6.377988e-02     9.870448e-01     8.255620e+02  
      13600     8.462025e-04     6.461701e-02      13601     6.377080e-02     9.869043e-01     8.313776e+02  
      13700     8.564925e-04     6.461701e-02      13701     6.376051e-02     9.867451e-01     8.374639e+02  
      13800     8.646799e-04     6.461701e-02      13801     6.375233e-02     9.866184e-01     8.435993e+02  
      13900     8.774290e-04     6.461701e-02      13901     6.373958e-02     9.864211e-01     8.498329e+02  
      14000     8.881283e-04     6.461701e-02      14001     6.372888e-02     9.862555e-01     8.558403e+02  
      14100     8.971037e-04     6.461701e-02      14101     6.371990e-02     9.861166e-01     8.618426e+02  
      14200     9.073742e-04     6.461701e-02      14201     6.370963e-02     9.859577e-01     8.679671e+02  
      14300     9.155226e-04     6.461701e-02      14301     6.370148e-02     9.858316e-01     8.744062e+02  
      14400     9.258925e-04     6.461701e-02      14401     6.369111e-02     9.856711e-01     8.809261e+02  
      14500     9.392343e-04     6.461701e-02      14501     6.367777e-02     9.854646e-01     8.867957e+02  
      14600     9.490176e-04     6.461701e-02      14601     6.366799e-02     9.853132e-01     8.927048e+02  
      14700     9.601539e-04     6.461701e-02      14701     6.365685e-02     9.851408e-01     8.987077e+02  
      14800     9.697997e-04     6.461701e-02      14801     6.364721e-02     9.849916e-01     9.049031e+02  
      14900     9.787722e-04     6.461701e-02      14901     6.363823e-02     9.848527e-01     9.108584e+02  
      15000     9.870645e-04     6.461701e-02      15001     6.362994e-02     9.847244e-01     9.169641e+02  
      15100     9.999495e-04     6.461701e-02      15101     6.361706e-02     9.845250e-01     9.228581e+02  
      15200     1.009417e-03     6.461701e-02      15201     6.360759e-02     9.843785e-01     9.289683e+02  
      15300     1.020776e-03     6.461701e-02      15301     6.359623e-02     9.842027e-01     9.348916e+02  
      15400     1.032569e-03     6.461701e-02      15401     6.358444e-02     9.840202e-01     9.411709e+02  
      15500     1.045283e-03     6.461701e-02      15501     6.357172e-02     9.838234e-01     9.471659e+02  
      15600     1.061342e-03     6.461701e-02      15601     6.355566e-02     9.835749e-01     9.530913e+02  
      15700     1.075170e-03     6.461701e-02      15701     6.354184e-02     9.833609e-01     9.593278e+02  
      15800     1.088652e-03     6.461701e-02      15801     6.352835e-02     9.831522e-01     9.654366e+02  
      15900     1.102796e-03     6.461701e-02      15901     6.351421e-02     9.829333e-01     9.716033e+02  
      16000     1.118586e-03     6.461701e-02      16001     6.349842e-02     9.826890e-01     9.779250e+02  
      16100     1.130558e-03     6.461701e-02      16101     6.348645e-02     9.825037e-01     9.839100e+02  
      16200     1.143743e-03     6.461701e-02      16201     6.347326e-02     9.822997e-01     9.898263e+02  
      16300     1.154812e-03     6.461701e-02      16301     6.346219e-02     9.821284e-01     9.962277e+02  
      16400     1.168993e-03     6.461701e-02      16401     6.344801e-02     9.819089e-01     1.002341e+03  
      16500     1.178359e-03     6.461701e-02      16501     6.343865e-02     9.817639e-01     1.008410e+03  
      16600     1.186956e-03     6.461701e-02      16601     6.343005e-02     9.816309e-01     1.014427e+03  
      16700     1.196018e-03     6.461701e-02      16701     6.342099e-02     9.814907e-01     1.020468e+03  
      16800     1.205546e-03     6.461701e-02      16801     6.341146e-02     9.813432e-01     1.026417e+03  
      16900     1.216941e-03     6.461701e-02      16901     6.340007e-02     9.811669e-01     1.032293e+03  
      17000     1.225908e-03     6.461701e-02      17001     6.339110e-02     9.810281e-01     1.038213e+03  
      17100     1.236766e-03     6.461701e-02      17101     6.338024e-02     9.808601e-01     1.044378e+03  
      17200     1.243155e-03     6.461701e-02      17201     6.337385e-02     9.807612e-01     1.050552e+03  
      17300     1.253414e-03     6.461701e-02      17301     6.336359e-02     9.806024e-01     1.056372e+03  
      17400     1.264119e-03     6.461701e-02      17401     6.335289e-02     9.804367e-01     1.062557e+03  
      17500     1.273938e-03     6.461701e-02      17501     6.334307e-02     9.802848e-01     1.068433e+03  
      17600     1.282135e-03     6.461701e-02      17601     6.333487e-02     9.801579e-01     1.074143e+03  
      17700     1.292573e-03     6.461701e-02      17701     6.332443e-02     9.799964e-01     1.080226e+03  
      17800     1.301243e-03     6.460602e-02      17801     6.330478e-02     9.798588e-01     1.086309e+03  
      17900     1.311605e-03     6.460602e-02      17901     6.329442e-02     9.796984e-01     1.092396e+03  
      18000     1.319631e-03     6.460602e-02      18001     6.328639e-02     9.795742e-01     1.098346e+03  
      18100     1.328549e-03     6.460602e-02      18101     6.327747e-02     9.794361e-01     1.104300e+03  
      18200     1.335861e-03     6.460602e-02      18201     6.327016e-02     9.793230e-01     1.110152e+03  
      18300     1.346412e-03     6.460602e-02      18301     6.325961e-02     9.791597e-01     1.116039e+03  
      18400     1.358497e-03     6.460602e-02      18401     6.324753e-02     9.789726e-01     1.121901e+03  
      18500     1.367167e-03     6.460602e-02      18501     6.323886e-02     9.788384e-01     1.127789e+03  
      18600     1.376848e-03     6.460602e-02      18601     6.322917e-02     9.786885e-01     1.133905e+03  
      18700     1.386236e-03     6.460602e-02      18701     6.321979e-02     9.785432e-01     1.139905e+03  
      18800     1.395813e-03     6.460602e-02      18801     6.321021e-02     9.783950e-01     1.146025e+03  
      18900     1.408979e-03     6.460602e-02      18901     6.319704e-02     9.781912e-01     1.151988e+03  
      19000     1.419715e-03     6.460602e-02      19001     6.318631e-02     9.780250e-01     1.158279e+03  
      19100     1.429592e-03     6.460602e-02      19101     6.317643e-02     9.778722e-01     1.164439e+03  
      19200     1.439544e-03     6.460602e-02      19201     6.316648e-02     9.777181e-01     1.170286e+03  
      19300     1.448990e-03     6.460602e-02      19301     6.315703e-02     9.775719e-01     1.176129e+03  
      19400     1.461935e-03     6.460602e-02      19401     6.314409e-02     9.773715e-01     1.182416e+03  
      19500     1.472544e-03     6.460602e-02      19501     6.313348e-02     9.772073e-01     1.188360e+03  
      19600     1.485449e-03     6.460602e-02      19601     6.312057e-02     9.770076e-01     1.194315e+03  
      19700     1.497508e-03     6.460602e-02      19701     6.310851e-02     9.768209e-01     1.200372e+03  
      19800     1.508881e-03     6.460602e-02      19801     6.309714e-02     9.766449e-01     1.206623e+03  
      19900     1.519965e-03     6.460602e-02      19901     6.308606e-02     9.764733e-01     1.212636e+03  
      20000     1.532036e-03     6.460602e-02      20001     6.307399e-02     9.762865e-01     1.218494e+03  
      20100     1.546154e-03     6.460602e-02      20101     6.305987e-02     9.760680e-01     1.224334e+03  
      20200     1.557919e-03     6.460602e-02      20201     6.304810e-02     9.758859e-01     1.230548e+03  
      20300     1.568587e-03     6.460602e-02      20301     6.303744e-02     9.757207e-01     1.236633e+03  
      20400     1.581389e-03     6.460602e-02      20401     6.302463e-02     9.755226e-01     1.242764e+03  
      20500     1.592578e-03     6.460602e-02      20501     6.301344e-02     9.753494e-01     1.249026e+03  
      20600     1.605042e-03     6.460602e-02      20601     6.300098e-02     9.751565e-01     1.255114e+03  
      20700     1.616768e-03     6.460602e-02      20701     6.298925e-02     9.749750e-01     1.260893e+03  
      20800     1.625732e-03     6.460602e-02      20801     6.298029e-02     9.748362e-01     1.266872e+03  
      20900     1.639072e-03     6.460602e-02      20901     6.296695e-02     9.746297e-01     1.272811e+03  
      21000     1.651313e-03     6.460602e-02      21001     6.295471e-02     9.744403e-01     1.278993e+03  
      21100     1.661321e-03     6.460602e-02      21101     6.294470e-02     9.742854e-01     1.285032e+03  
      21200     1.670309e-03     6.424153e-02      21201     6.257122e-02     9.739995e-01     1.290805e+03  
      21300     1.682272e-03     6.424153e-02      21301     6.255926e-02     9.738133e-01     1.296685e+03  
      21400     1.694649e-03     6.424153e-02      21401     6.254688e-02     9.736207e-01     1.303163e+03  
      21500     1.706891e-03     6.424153e-02      21501     6.253464e-02     9.734301e-01     1.309121e+03  
      21600     1.718497e-03     6.424153e-02      21601     6.252303e-02     9.732494e-01     1.315112e+03  
      21700     1.729799e-03     6.424153e-02      21701     6.251173e-02     9.730735e-01     1.321654e+03  
      21800     1.741037e-03     6.424153e-02      21801     6.250049e-02     9.728986e-01     1.327625e+03  
      21900     1.752774e-03     6.424153e-02      21901     6.248876e-02     9.727159e-01     1.333998e+03  
      22000     1.761902e-03     6.424153e-02      22001     6.247963e-02     9.725738e-01     1.340196e+03  
      22100     1.773697e-03     6.424153e-02      22101     6.246783e-02     9.723902e-01     1.346204e+03  
      22200     1.785503e-03     6.424153e-02      22201     6.245603e-02     9.722064e-01     1.352246e+03  
      22300     1.795689e-03     6.424153e-02      22301     6.244584e-02     9.720478e-01     1.358214e+03  
      22400     1.805455e-03     6.424153e-02      22401     6.243608e-02     9.718958e-01     1.364624e+03  
      22500     1.815787e-03     6.424153e-02      22501     6.242574e-02     9.717350e-01     1.370804e+03  
      22600     1.824790e-03     6.300793e-02      22601     6.118314e-02     9.710387e-01     1.377042e+03  
      22700     1.834855e-03     6.300793e-02      22701     6.117308e-02     9.708790e-01     1.383713e+03  
      22800     1.844031e-03     6.300793e-02      22801     6.116390e-02     9.707333e-01     1.389950e+03  
      22900     1.852970e-03     6.300793e-02      22901     6.115496e-02     9.705915e-01     1.396239e+03  
      23000     1.862830e-03     6.300793e-02      23001     6.114510e-02     9.704350e-01     1.402166e+03  
      23100     1.870402e-03     6.300793e-02      23101     6.113753e-02     9.703148e-01     1.408175e+03  
      23200     1.877877e-03     6.300793e-02      23201     6.113006e-02     9.701962e-01     1.414209e+03  
      23300     1.884728e-03     6.300793e-02      23301     6.112320e-02     9.700874e-01     1.420205e+03  
      23400     1.892591e-03     6.300793e-02      23401     6.111534e-02     9.699627e-01     1.426723e+03  
      23500     1.900686e-03     6.300793e-02      23501     6.110725e-02     9.698342e-01     1.432938e+03  
      23600     1.908762e-03     6.300793e-02      23601     6.109917e-02     9.697060e-01     1.439152e+03  
      23700     1.919320e-03     6.300793e-02      23701     6.108861e-02     9.695384e-01     1.445452e+03  
      23800     1.929533e-03     6.300793e-02      23801     6.107840e-02     9.693764e-01     1.452016e+03  
      23900     1.937022e-03     6.300793e-02      23901     6.107091e-02     9.692575e-01     1.458245e+03  
      24000     1.944793e-03     6.300793e-02      24001     6.106314e-02     9.691342e-01     1.464473e+03  
      24100     1.953864e-03     6.300793e-02      24101     6.105407e-02     9.689902e-01     1.470775e+03  
      24200     1.963150e-03     6.300793e-02      24201     6.104478e-02     9.688428e-01     1.476625e+03  
      24300     1.970610e-03     6.300793e-02      24301     6.103732e-02     9.687244e-01     1.482589e+03  
      24400     1.979542e-03     6.300793e-02      24401     6.102839e-02     9.685827e-01     1.488503e+03  
      24500     1.987096e-03     6.300793e-02      24501     6.102084e-02     9.684628e-01     1.494385e+03  
      24600     1.994448e-03     6.300793e-02      24601     6.101348e-02     9.683461e-01     1.500314e+03  
      24700     2.005257e-03     6.300793e-02      24701     6.100268e-02     9.681745e-01     1.506513e+03  
      24800     2.013805e-03     6.300793e-02      24801     6.099413e-02     9.680389e-01     1.512712e+03  
      24900     2.023837e-03     6.300793e-02      24901     6.098410e-02     9.678797e-01     1.518828e+03  
      25000     2.030880e-03     6.300793e-02      25001     6.097705e-02     9.677679e-01     1.525009e+03  
      25100     2.038565e-03     6.163126e-02      25101     5.959270e-02     9.669232e-01     1.530918e+03  
      25200     2.048469e-03     6.163126e-02      25201     5.958279e-02     9.667625e-01     1.537058e+03  
      25300     2.055531e-03     6.163126e-02      25301     5.957573e-02     9.666479e-01     1.543066e+03  
      25400     2.065609e-03     6.163126e-02      25401     5.956565e-02     9.664844e-01     1.549606e+03  
      25500     2.076463e-03     6.163126e-02      25501     5.955480e-02     9.663083e-01     1.555931e+03  
      25600     2.089067e-03     6.163126e-02      25601     5.954219e-02     9.661038e-01     1.561938e+03  
      25700     2.100790e-03     6.163126e-02      25701     5.953047e-02     9.659136e-01     1.567887e+03  
      25800     2.111533e-03     6.163126e-02      25801     5.951973e-02     9.657393e-01     1.573930e+03  
      25900     2.123478e-03     6.163126e-02      25901     5.950778e-02     9.655454e-01     1.580124e+03  
      26000     2.136019e-03     6.163126e-02      26001     5.949524e-02     9.653420e-01     1.586311e+03  
      26100     2.147091e-03     6.163126e-02      26101     5.948417e-02     9.651623e-01     1.592358e+03  
      26200     2.161703e-03     6.163126e-02      26201     5.946956e-02     9.649252e-01     1.598457e+03  
      26300     2.172638e-03     6.163126e-02      26301     5.945862e-02     9.647478e-01     1.604421e+03  
      26400     2.184961e-03     6.163126e-02      26401     5.944630e-02     9.645479e-01     1.610464e+03  
      26500     2.195905e-03     6.163126e-02      26501     5.943535e-02     9.643703e-01     1.616680e+03  
      26600     2.208131e-03     6.163126e-02      26601     5.942313e-02     9.641719e-01     1.622908e+03  
      26700     2.221465e-03     6.163126e-02      26701     5.940979e-02     9.639555e-01     1.628968e+03  
      26800     2.233590e-03     6.163126e-02      26801     5.939767e-02     9.637588e-01     1.635109e+03  
      26900     2.245906e-03     6.163126e-02      26901     5.938535e-02     9.635590e-01     1.641032e+03  
      27000     2.257609e-03     6.163126e-02      27001     5.937365e-02     9.633691e-01     1.647223e+03  
      27100     2.271312e-03     6.163126e-02      27101     5.935995e-02     9.631468e-01     1.653708e+03  
      27200     2.281345e-03     6.163126e-02      27201     5.934992e-02     9.629840e-01     1.660069e+03  
      27300     2.291742e-03     6.163126e-02      27301     5.933952e-02     9.628153e-01     1.666725e+03  
      27400     2.301510e-03     6.163126e-02      27401     5.932975e-02     9.626568e-01     1.673226e+03  
      27500     2.312723e-03     6.163126e-02      27501     5.931854e-02     9.624748e-01     1.679278e+03  
      27600     2.324184e-03     6.163126e-02      27601     5.930708e-02     9.622889e-01     1.685512e+03  
      27700     2.332922e-03     6.163126e-02      27701     5.929834e-02     9.621471e-01     1.691934e+03  
      27800     2.343254e-03     6.163126e-02      27801     5.928801e-02     9.619795e-01     1.697925e+03  
      27900     2.350529e-03     6.163126e-02      27901     5.928073e-02     9.618614e-01     1.704243e+03  
      28000     2.359723e-03     6.163126e-02      28001     5.927154e-02     9.617122e-01     1.711049e+03  
      28100     2.367307e-03     6.163126e-02      28101     5.926395e-02     9.615892e-01     1.717145e+03  
      28200     2.376063e-03     6.163126e-02      28201     5.925520e-02     9.614471e-01     1.723480e+03  
      28300     2.383547e-03     6.163126e-02      28301     5.924771e-02     9.613257e-01     1.729198e+03  
      28400     2.392351e-03     6.163126e-02      28401     5.923891e-02     9.611828e-01     1.734856e+03  
      28500     2.405901e-03     6.163126e-02      28501     5.922536e-02     9.609630e-01     1.740439e+03  
      28600     2.413667e-03     6.163126e-02      28601     5.921759e-02     9.608370e-01     1.746088e+03  
      28700     2.423581e-03     6.163126e-02      28701     5.920768e-02     9.606761e-01     1.752073e+03  
      28800     2.431982e-03     6.163126e-02      28801     5.919928e-02     9.605398e-01     1.757901e+03  
      28900     2.438182e-03     6.163126e-02      28901     5.919308e-02     9.604392e-01     1.763916e+03  
      29000     2.444704e-03     6.163126e-02      29001     5.918656e-02     9.603334e-01     1.769716e+03  
      29100     2.453579e-03     6.163126e-02      29101     5.917768e-02     9.601894e-01     1.775337e+03  
      29200     2.461825e-03     6.163126e-02      29201     5.916944e-02     9.600556e-01     1.781137e+03  
      29300     2.470417e-03     6.163126e-02      29301     5.916084e-02     9.599162e-01     1.786912e+03  
      29400     2.476375e-03     6.163126e-02      29401     5.915488e-02     9.598195e-01     1.792798e+03  
      29500     2.483411e-03     6.163126e-02      29501     5.914785e-02     9.597053e-01     1.798676e+03  
      29600     2.491623e-03     6.163126e-02      29601     5.913964e-02     9.595721e-01     1.804383e+03  
      29700     2.500088e-03     6.163126e-02      29701     5.913117e-02     9.594347e-01     1.810521e+03  
      29800     2.508920e-03     6.163126e-02      29801     5.912234e-02     9.592914e-01     1.816272e+03  
      29900     2.517827e-03     6.163126e-02      29901     5.911343e-02     9.591469e-01     1.822210e+03  
      30000     2.527907e-03     6.163126e-02      30001     5.910335e-02     9.589834e-01     1.827884e+03  
      30100     2.536691e-03     6.163126e-02      30101     5.909457e-02     9.588408e-01     1.833682e+03  
      30200     2.545730e-03     6.163126e-02      30201     5.908553e-02     9.586942e-01     1.839453e+03  
      30300     2.553439e-03     6.163126e-02      30301     5.907782e-02     9.585691e-01     1.845206e+03  
      30400     2.562006e-03     6.163126e-02      30401     5.906925e-02     9.584301e-01     1.850829e+03  
      30500     2.569865e-03     6.163126e-02      30501     5.906140e-02     9.583026e-01     1.856613e+03  
      30600     2.578016e-03     6.163126e-02      30601     5.905324e-02     9.581703e-01     1.862398e+03  
      30700     2.585160e-03     6.163126e-02      30701     5.904610e-02     9.580544e-01     1.868028e+03  
      30800     2.592908e-03     6.163126e-02      30801     5.903835e-02     9.579287e-01     1.873709e+03  
      30900     2.600393e-03     6.163126e-02      30901     5.903087e-02     9.578072e-01     1.879876e+03  
      31000     2.607910e-03     6.163126e-02      31001     5.902335e-02     9.576853e-01     1.885966e+03  
      31100     2.617530e-03     6.163126e-02      31101     5.901373e-02     9.575292e-01     1.892739e+03  
      31200     2.625433e-03     6.163126e-02      31201     5.900583e-02     9.574009e-01     1.899120e+03  
      31300     2.633552e-03     6.163126e-02      31301     5.899771e-02     9.572692e-01     1.905181e+03  
      31400     2.641144e-03     5.906129e-02      31401     5.642014e-02     9.552813e-01     1.911519e+03  
      31500     2.649709e-03     5.906129e-02      31501     5.641158e-02     9.551363e-01     1.917587e+03  
      31600     2.656410e-03     5.906129e-02      31601     5.640488e-02     9.550228e-01     1.923303e+03  
      31700     2.666805e-03     5.906129e-02      31701     5.639448e-02     9.548468e-01     1.929326e+03  
      31800     2.674288e-03     5.906129e-02      31801     5.638700e-02     9.547201e-01     1.935383e+03  
      31900     2.684005e-03     5.906129e-02      31901     5.637728e-02     9.545556e-01     1.941021e+03  
      32000     2.690100e-03     5.906129e-02      32001     5.637119e-02     9.544524e-01     1.946717e+03  
      32100     2.699255e-03     5.906129e-02      32101     5.636203e-02     9.542974e-01     1.952353e+03  
      32200     2.706257e-03     5.906129e-02      32201     5.635503e-02     9.541788e-01     1.958031e+03  
      32300     2.713207e-03     5.906129e-02      32301     5.634808e-02     9.540612e-01     1.964040e+03  
      32400     2.719109e-03     5.906129e-02      32401     5.634218e-02     9.539612e-01     1.970031e+03  
      32500     2.727489e-03     5.906129e-02      32501     5.633380e-02     9.538193e-01     1.975829e+03  
      32600     2.734635e-03     5.906129e-02      32601     5.632665e-02     9.536983e-01     1.981497e+03  
      32700     2.741883e-03     5.906129e-02      32701     5.631940e-02     9.535756e-01     1.987315e+03  
      32800     2.749263e-03     5.906129e-02      32801     5.631202e-02     9.534507e-01     1.993008e+03  
      32900     2.757434e-03     5.906129e-02      32901     5.630385e-02     9.533123e-01     1.998896e+03  
      33000     2.765212e-03     5.906129e-02      33001     5.629607e-02     9.531806e-01     2.004663e+03  
      33100     2.775014e-03     5.906129e-02      33101     5.628627e-02     9.530147e-01     2.010311e+03  
      33200     2.783157e-03     5.906129e-02      33201     5.627813e-02     9.528768e-01     2.016111e+03  
      33300     2.791025e-03     5.906129e-02      33301     5.627026e-02     9.527436e-01     2.021959e+03  
      33400     2.798488e-03     5.906129e-02      33401     5.626280e-02     9.526172e-01     2.028008e+03  
      33500     2.806882e-03     5.906129e-02      33501     5.625440e-02     9.524751e-01     2.033972e+03  
      33600     2.814396e-03     5.906129e-02      33601     5.624689e-02     9.523479e-01     2.039715e+03  
      33700     2.822805e-03     5.906129e-02      33701     5.623848e-02     9.522055e-01     2.045531e+03  
      33800     2.833007e-03     5.906129e-02      33801     5.622828e-02     9.520328e-01     2.051183e+03  
      33900     2.839597e-03     5.906129e-02      33901     5.622169e-02     9.519212e-01     2.056928e+03  
      34000     2.847525e-03     5.906129e-02      34001     5.621376e-02     9.517870e-01     2.062649e+03  
      34100     2.857959e-03     5.906129e-02      34101     5.620333e-02     9.516103e-01     2.068883e+03  
      34200     2.866381e-03     5.906129e-02      34201     5.619490e-02     9.514677e-01     2.074868e+03  
      34300     2.876494e-03     5.906129e-02      34301     5.618479e-02     9.512965e-01     2.080523e+03  
      34400     2.884577e-03     5.906129e-02      34401     5.617671e-02     9.511596e-01     2.086308e+03  
      34500     2.891796e-03     5.906129e-02      34501     5.616949e-02     9.510374e-01     2.092204e+03  
      34600     2.901088e-03     5.906129e-02      34601     5.616020e-02     9.508800e-01     2.097959e+03  
      34700     2.907703e-03     5.906129e-02      34701     5.615358e-02     9.507680e-01     2.103762e+03  
      34800     2.916409e-03     5.906129e-02      34801     5.614488e-02     9.506206e-01     2.109740e+03  
      34900     2.925393e-03     5.906129e-02      34901     5.613589e-02     9.504685e-01     2.115638e+03  
      35000     2.934151e-03     5.906129e-02      35001     5.612713e-02     9.503202e-01     2.121658e+03  
      35100     2.941374e-03     5.906129e-02      35101     5.611991e-02     9.501979e-01     2.127628e+03  
      35200     2.949845e-03     5.906129e-02      35201     5.611144e-02     9.500545e-01     2.133316e+03  
      35300     2.958426e-03     5.906129e-02      35301     5.610286e-02     9.499092e-01     2.138993e+03  
      35400     2.969935e-03     5.906129e-02      35401     5.609135e-02     9.497143e-01     2.144796e+03  
      35500     2.978966e-03     5.906129e-02      35501     5.608232e-02     9.495615e-01     2.150647e+03  
      35600     2.986031e-03     5.906129e-02      35601     5.607525e-02     9.494418e-01     2.156817e+03  
      35700     2.996358e-03     5.906129e-02      35701     5.606493e-02     9.492670e-01     2.163081e+03  
      35800     3.005296e-03     5.906129e-02      35801     5.605599e-02     9.491156e-01     2.169548e+03  
      35900     3.012372e-03     5.906129e-02      35901     5.604891e-02     9.489958e-01     2.175859e+03  
      36000     3.021749e-03     5.906129e-02      36001     5.603954e-02     9.488371e-01     2.181916e+03  
      36100     3.029386e-03     5.906129e-02      36101     5.603190e-02     9.487077e-01     2.188020e+03  
      36200     3.039911e-03     5.906129e-02      36201     5.602137e-02     9.485295e-01     2.193645e+03  
      36300     3.049149e-03     5.906129e-02      36301     5.601214e-02     9.483731e-01     2.199433e+03  
      36400     3.059061e-03     5.906129e-02      36401     5.600222e-02     9.482053e-01     2.205325e+03  
      36500     3.068936e-03     5.906129e-02      36501     5.599235e-02     9.480381e-01     2.211221e+03  
      36600     3.077554e-03     5.906129e-02      36601     5.598373e-02     9.478922e-01     2.216955e+03  
      36700     3.085838e-03     5.906129e-02      36701     5.597545e-02     9.477519e-01     2.222754e+03  
      36800     3.093248e-03     5.906129e-02      36801     5.596804e-02     9.476265e-01     2.229172e+03  
      36900     3.098993e-03     5.906129e-02      36901     5.596229e-02     9.475292e-01     2.235261e+03  
      37000     3.106451e-03     5.906129e-02      37001     5.595483e-02     9.474029e-01     2.241377e+03  
      37100     3.114121e-03     5.906129e-02      37101     5.594716e-02     9.472731e-01     2.247366e+03  
      37200     3.121395e-03     5.906129e-02      37201     5.593989e-02     9.471499e-01     2.254417e+03  
      37300     3.129084e-03     5.906129e-02      37301     5.593220e-02     9.470197e-01     2.260550e+03  
      37400     3.135980e-03     5.906129e-02      37401     5.592531e-02     9.469030e-01     2.266558e+03  
      37500     3.143926e-03     5.906129e-02      37501     5.591736e-02     9.467684e-01     2.272516e+03  
      37600     3.150853e-03     5.906129e-02      37601     5.591043e-02     9.466511e-01     2.278723e+03  
      37700     3.158247e-03     5.906129e-02      37701     5.590304e-02     9.465259e-01     2.284736e+03  
      37800     3.164894e-03     5.906129e-02      37801     5.589639e-02     9.464134e-01     2.291145e+03  
      37900     3.173208e-03     5.906129e-02      37901     5.588808e-02     9.462726e-01     2.297359e+03  
      38000     3.179891e-03     5.906129e-02      38001     5.588139e-02     9.461595e-01     2.303554e+03  
      38100     3.186476e-03     5.906129e-02      38101     5.587481e-02     9.460480e-01     2.309672e+03  
      38200     3.193316e-03     5.906129e-02      38201     5.586797e-02     9.459322e-01     2.315752e+03  
      38300     3.201390e-03     5.906129e-02      38301     5.585990e-02     9.457955e-01     2.321986e+03  
      38400     3.206711e-03     5.906129e-02      38401     5.585457e-02     9.457054e-01     2.328166e+03  
      38500     3.213362e-03     5.906129e-02      38501     5.584792e-02     9.455927e-01     2.334228e+03  
      38600     3.220822e-03     5.906129e-02      38601     5.584046e-02     9.454664e-01     2.340579e+03  
      38700     3.227910e-03     5.906129e-02      38701     5.583338e-02     9.453464e-01     2.347109e+03  
      38800     3.234859e-03     5.906129e-02      38801     5.582643e-02     9.452288e-01     2.353459e+03  
      38900     3.241804e-03     5.906129e-02      38901     5.581948e-02     9.451112e-01     2.359706e+03  
      39000     3.247948e-03     5.906129e-02      39001     5.581334e-02     9.450072e-01     2.365927e+03  
      39100     3.253532e-03     5.906129e-02      39101     5.580775e-02     9.449126e-01     2.372046e+03  
      39200     3.260877e-03     5.906129e-02      39201     5.580041e-02     9.447882e-01     2.378088e+03  
      39300     3.268031e-03     5.906129e-02      39301     5.579325e-02     9.446671e-01     2.384191e+03  
      39400     3.273080e-03     5.906129e-02      39401     5.578821e-02     9.445816e-01     2.390136e+03  
      39500     3.278514e-03     5.906129e-02      39501     5.578277e-02     9.444896e-01     2.396208e+03  
      39600     3.283344e-03     5.906129e-02      39601     5.577794e-02     9.444078e-01     2.402584e+03  
      39700     3.289327e-03     5.906129e-02      39701     5.577196e-02     9.443066e-01     2.409276e+03  
      39800     3.294367e-03     5.906129e-02      39801     5.576692e-02     9.442212e-01     2.415396e+03  
      39900     3.300140e-03     5.906129e-02      39901     5.576115e-02     9.441235e-01     2.421639e+03  
      40000     3.305114e-03     5.906129e-02      40001     5.575617e-02     9.440393e-01     2.427496e+03  
      40100     3.310997e-03     5.906129e-02      40101     5.575029e-02     9.439396e-01     2.433570e+03  
      40200     3.316156e-03     5.906129e-02      40201     5.574513e-02     9.438523e-01     2.439827e+03  
      40300     3.321830e-03     5.906129e-02      40301     5.573945e-02     9.437562e-01     2.445779e+03  
      40400     3.328488e-03     5.906129e-02      40401     5.573280e-02     9.436435e-01     2.451972e+03  
      40500     3.334573e-03     5.906129e-02      40501     5.572671e-02     9.435405e-01     2.458103e+03  
      40600     3.340091e-03     5.906129e-02      40601     5.572119e-02     9.434470e-01     2.464360e+03  
      40700     3.344934e-03     5.906129e-02      40701     5.571635e-02     9.433650e-01     2.470831e+03  
      40800     3.349431e-03     5.906129e-02      40801     5.571185e-02     9.432889e-01     2.477293e+03  
      40900     3.355204e-03     5.906129e-02      40901     5.570608e-02     9.431911e-01     2.483364e+03  
      41000     3.361186e-03     5.906129e-02      41001     5.570010e-02     9.430899e-01     2.489532e+03  
      41100     3.367054e-03     5.906129e-02      41101     5.569423e-02     9.429905e-01     2.495793e+03  
      41200     3.372626e-03     5.906129e-02      41201     5.568866e-02     9.428962e-01     2.502187e+03  
      41300     3.378327e-03     5.906129e-02      41301     5.568296e-02     9.427996e-01     2.508168e+03  
      41400     3.384632e-03     5.906129e-02      41401     5.567665e-02     9.426929e-01     2.514967e+03  
      41500     3.388944e-03     5.906129e-02      41501     5.567234e-02     9.426199e-01     2.521114e+03  
      41600     3.393345e-03     5.906129e-02      41601     5.566794e-02     9.425454e-01     2.527194e+03  
      41700     3.398302e-03     5.906129e-02      41701     5.566298e-02     9.424614e-01     2.533034e+03  
      41800     3.403971e-03     5.906129e-02      41801     5.565731e-02     9.423654e-01     2.539050e+03  
      41900     3.409440e-03     5.906129e-02      41901     5.565185e-02     9.422729e-01     2.545409e+03  
      42000     3.414445e-03     5.906129e-02      42001     5.564684e-02     9.421881e-01     2.551641e+03  
      42100     3.419367e-03     5.906129e-02      42101     5.564192e-02     9.421048e-01     2.558005e+03  
      42200     3.423376e-03     5.906129e-02      42201     5.563791e-02     9.420369e-01     2.564006e+03  
      42300     3.429668e-03     5.906129e-02      42301     5.563162e-02     9.419304e-01     2.569840e+03  
      42400     3.435594e-03     5.906129e-02      42401     5.562569e-02     9.418300e-01     2.575701e+03  
      42500     3.440258e-03     5.906129e-02      42501     5.562103e-02     9.417510e-01     2.581644e+03  
      42600     3.446426e-03     5.906129e-02      42601     5.561486e-02     9.416466e-01     2.587513e+03  
      42700     3.452287e-03     5.906129e-02      42701     5.560900e-02     9.415474e-01     2.593476e+03  
      42800     3.458598e-03     5.906129e-02      42801     5.560269e-02     9.414405e-01     2.599580e+03  
      42900     3.464225e-03     5.906129e-02      42901     5.559706e-02     9.413453e-01     2.605580e+03  
      43000     3.471665e-03     5.906129e-02      43001     5.558962e-02     9.412193e-01     2.611461e+03  
      43100     3.476207e-03     5.906129e-02      43101     5.558508e-02     9.411424e-01     2.617563e+03  
      43200     3.482135e-03     5.906129e-02      43201     5.557915e-02     9.410420e-01     2.623403e+03  
      43300     3.486708e-03     5.906129e-02      43301     5.557458e-02     9.409646e-01     2.629271e+03  
      43400     3.491789e-03     5.906129e-02      43401     5.556950e-02     9.408785e-01     2.635228e+03  
      43500     3.497170e-03     5.906129e-02      43501     5.556412e-02     9.407874e-01     2.641266e+03  
      43600     3.503579e-03     5.906129e-02      43601     5.555771e-02     9.406789e-01     2.647045e+03  
      43700     3.509579e-03     5.906129e-02      43701     5.555171e-02     9.405773e-01     2.653054e+03  
      43800     3.514624e-03     5.906129e-02      43801     5.554666e-02     9.404919e-01     2.658853e+03  
      43900     3.520351e-03     5.906129e-02      43901     5.554093e-02     9.403950e-01     2.664691e+03  
      44000     3.526766e-03     5.906129e-02      44001     5.553452e-02     9.402863e-01     2.670343e+03  
      44100     3.532830e-03     5.906129e-02      44101     5.552846e-02     9.401837e-01     2.676311e+03  
      44200     3.538217e-03     5.906129e-02      44201     5.552307e-02     9.400924e-01     2.682265e+03  
      44300     3.543318e-03     5.906129e-02      44301     5.551797e-02     9.400061e-01     2.688035e+03  
      44400     3.550618e-03     5.906129e-02      44401     5.551067e-02     9.398825e-01     2.693777e+03  
      44500     3.558173e-03     5.906129e-02      44501     5.550311e-02     9.397546e-01     2.699444e+03  
      44600     3.563769e-03     5.906129e-02      44601     5.549752e-02     9.396598e-01     2.705218e+03  
      44700     3.571406e-03     5.906129e-02      44701     5.548988e-02     9.395305e-01     2.711046e+03  
      44800     3.577315e-03     5.906129e-02      44801     5.548397e-02     9.394305e-01     2.716893e+03  
      44900     3.583125e-03     5.906129e-02      44901     5.547816e-02     9.393321e-01     2.722595e+03  
      45000     3.588199e-03     5.906129e-02      45001     5.547309e-02     9.392462e-01     2.728525e+03  
      45100     3.594809e-03     5.906129e-02      45101     5.546648e-02     9.391343e-01     2.734333e+03  
      45200     3.600181e-03     5.906129e-02      45201     5.546110e-02     9.390433e-01     2.740330e+03  
      45300     3.606718e-03     5.906129e-02      45301     5.545457e-02     9.389326e-01     2.746127e+03  
      45400     3.612787e-03     5.906129e-02      45401     5.544850e-02     9.388299e-01     2.751899e+03  
      45500     3.618319e-03     5.906129e-02      45501     5.544297e-02     9.387362e-01     2.757763e+03  
      45600     3.624414e-03     5.906129e-02      45601     5.543687e-02     9.386330e-01     2.763747e+03  
      45700     3.629745e-03     5.906129e-02      45701     5.543154e-02     9.385427e-01     2.769802e+03  
      45800     3.635957e-03     5.906129e-02      45801     5.542533e-02     9.384376e-01     2.775499e+03  
      45900     3.641737e-03     5.906129e-02      45901     5.541955e-02     9.383397e-01     2.781441e+03  
      46000     3.647430e-03     5.906129e-02      46001     5.541386e-02     9.382433e-01     2.787305e+03  
      46100     3.653109e-03     5.906129e-02      46101     5.540818e-02     9.381471e-01     2.793309e+03  
      46200     3.660276e-03     5.906129e-02      46201     5.540101e-02     9.380258e-01     2.799195e+03  
      46300     3.664805e-03     5.906129e-02      46301     5.539648e-02     9.379491e-01     2.805111e+03  
      46400     3.670788e-03     5.906129e-02      46401     5.539050e-02     9.378478e-01     2.810820e+03  
      46500     3.677686e-03     5.906129e-02      46501     5.538360e-02     9.377310e-01     2.816756e+03  
      46600     3.683303e-03     5.906129e-02      46601     5.537798e-02     9.376359e-01     2.822647e+03  
      46700     3.688970e-03     5.906129e-02      46701     5.537231e-02     9.375400e-01     2.828683e+03  
      46800     3.694897e-03     5.906129e-02      46801     5.536639e-02     9.374396e-01     2.834662e+03  
      46900     3.700140e-03     5.906129e-02      46901     5.536115e-02     9.373508e-01     2.840540e+03  
      47000     3.708324e-03     5.906129e-02      47001     5.535296e-02     9.372123e-01     2.846298e+03  
      47100     3.714299e-03     5.906129e-02      47101     5.534699e-02     9.371111e-01     2.852164e+03  
      47200     3.720682e-03     5.906129e-02      47201     5.534060e-02     9.370030e-01     2.858069e+03  
      47300     3.726751e-03     5.906129e-02      47301     5.533453e-02     9.369003e-01     2.864003e+03  
      47400     3.732581e-03     5.906129e-02      47401     5.532870e-02     9.368016e-01     2.869996e+03  
      47500     3.739344e-03     5.906129e-02      47501     5.532194e-02     9.366871e-01     2.875914e+03  
      47600     3.746732e-03     5.906129e-02      47601     5.531455e-02     9.365620e-01     2.881692e+03  
      47700     3.753919e-03     5.906129e-02      47701     5.530737e-02     9.364403e-01     2.887524e+03  
      47800     3.760840e-03     5.906129e-02      47801     5.530045e-02     9.363231e-01     2.893447e+03  
      47900     3.767877e-03     5.906129e-02      47901     5.529341e-02     9.362039e-01     2.899322e+03  
      48000     3.773786e-03     5.906129e-02      48001     5.528750e-02     9.361039e-01     2.904990e+03  
      48100     3.779433e-03     5.906129e-02      48101     5.528185e-02     9.360083e-01     2.910653e+03  
      48200     3.786537e-03     5.906129e-02      48201     5.527475e-02     9.358880e-01     2.916386e+03  
      48300     3.792626e-03     5.906129e-02      48301     5.526866e-02     9.357849e-01     2.922087e+03  
      48400     3.799495e-03     5.906129e-02      48401     5.526179e-02     9.356686e-01     2.927896e+03  
      48500     3.805189e-03     5.906129e-02      48501     5.525610e-02     9.355722e-01     2.933928e+03  
      48600     3.810690e-03     5.906129e-02      48601     5.525060e-02     9.354791e-01     2.939665e+03  
      48700     3.816930e-03     5.906129e-02      48701     5.524436e-02     9.353734e-01     2.945753e+03  
      48800     3.822767e-03     5.906129e-02      48801     5.523852e-02     9.352746e-01     2.951610e+03  
      48900     3.830980e-03     5.906129e-02      48901     5.523031e-02     9.351355e-01     2.957336e+03  
      49000     3.840517e-03     5.906129e-02      49001     5.522077e-02     9.349740e-01     2.963034e+03  
      49100     3.846455e-03     5.906129e-02      49101     5.521483e-02     9.348735e-01     2.968862e+03  
      49200     3.852505e-03     5.906129e-02      49201     5.520878e-02     9.347711e-01     2.974597e+03  
      49300     3.858133e-03     5.906129e-02      49301     5.520315e-02     9.346758e-01     2.980409e+03  
      49400     3.865504e-03     5.906129e-02      49401     5.519578e-02     9.345510e-01     2.986562e+03  
      49500     3.871472e-03     5.906129e-02      49501     5.518981e-02     9.344499e-01     2.992607e+03  
      49600     3.878288e-03     5.906129e-02      49601     5.518300e-02     9.343345e-01     2.998797e+03  
      49700     3.884716e-03     5.906129e-02      49701     5.517657e-02     9.342257e-01     3.004819e+03  
      49800     3.890435e-03     5.906129e-02      49801     5.517085e-02     9.341289e-01     3.010912e+03  
      49900     3.896562e-03     5.906129e-02      49901     5.516472e-02     9.340251e-01     3.016709e+03  
      50000     3.902521e-03     5.906129e-02      50001     5.515876e-02     9.339242e-01     3.022345e+03  
      50100     3.909335e-03     5.906129e-02      50101     5.515195e-02     9.338088e-01     3.028033e+03  
      50200     3.916294e-03     5.906129e-02      50201     5.514499e-02     9.336910e-01     3.033752e+03  
      50300     3.922033e-03     5.906129e-02      50301     5.513925e-02     9.335938e-01     3.039393e+03  
      50400     3.927533e-03     5.906129e-02      50401     5.513375e-02     9.335007e-01     3.045091e+03  
      50500     3.934587e-03     5.906129e-02      50501     5.512670e-02     9.333813e-01     3.050849e+03  
      50600     3.940409e-03     5.906129e-02      50601     5.512088e-02     9.332827e-01     3.056554e+03  
      50700     3.945825e-03     5.906129e-02      50701     5.511546e-02     9.331910e-01     3.062250e+03  
      50800     3.952368e-03     5.906129e-02      50801     5.510892e-02     9.330802e-01     3.067845e+03  
      50900     3.957671e-03     5.906129e-02      50901     5.510361e-02     9.329904e-01     3.073433e+03  
      51000     3.962573e-03     5.906129e-02      51001     5.509871e-02     9.329074e-01     3.079033e+03  
      51100     3.968277e-03     5.906129e-02      51101     5.509301e-02     9.328109e-01     3.084775e+03  
      51200     3.973645e-03     5.906129e-02      51201     5.508764e-02     9.327200e-01     3.090442e+03  
      51300     3.978856e-03     5.906129e-02      51301     5.508243e-02     9.326317e-01     3.096048e+03  
      51400     3.984202e-03     5.906129e-02      51401     5.507708e-02     9.325412e-01     3.101688e+03  
      51500     3.989717e-03     5.906129e-02      51501     5.507157e-02     9.324478e-01     3.107323e+03  
      51600     3.995485e-03     5.906129e-02      51601     5.506580e-02     9.323502e-01     3.112997e+03  
      51700     4.001704e-03     5.906129e-02      51701     5.505958e-02     9.322449e-01     3.118649e+03  
      51800     4.008000e-03     5.906129e-02      51801     5.505329e-02     9.321383e-01     3.124232e+03  
      51900     4.012947e-03     5.906129e-02      51901     5.504834e-02     9.320545e-01     3.129849e+03  
      52000     4.019691e-03     5.906129e-02      52001     5.504159e-02     9.319403e-01     3.135444e+03  
      52100     4.026009e-03     5.906129e-02      52101     5.503528e-02     9.318334e-01     3.141108e+03  
      52200     4.031620e-03     5.906129e-02      52201     5.502967e-02     9.317384e-01     3.147625e+03  
      52300     4.036556e-03     5.906129e-02      52301     5.502473e-02     9.316548e-01     3.153387e+03  
      52400     4.042038e-03     5.906129e-02      52401     5.501925e-02     9.315620e-01     3.159016e+03  
      52500     4.048044e-03     5.906129e-02      52501     5.501324e-02     9.314603e-01     3.164744e+03  
      52600     4.052649e-03     5.906129e-02      52601     5.500864e-02     9.313823e-01     3.170396e+03  
      52700     4.057035e-03     5.906129e-02      52701     5.500425e-02     9.313080e-01     3.176030e+03  
      52800     4.062311e-03     5.906129e-02      52801     5.499897e-02     9.312187e-01     3.181878e+03  
      52900     4.067448e-03     5.906129e-02      52901     5.499384e-02     9.311317e-01     3.187479e+03  
      53000     4.072359e-03     5.906129e-02      53001     5.498893e-02     9.310486e-01     3.193172e+03  
      53100     4.075946e-03     5.906129e-02      53101     5.498534e-02     9.309879e-01     3.198940e+03  
      53200     4.080799e-03     5.906129e-02      53201     5.498049e-02     9.309057e-01     3.204653e+03  
      53300     4.087370e-03     5.906129e-02      53301     5.497392e-02     9.307944e-01     3.210453e+03  
      53400     4.092639e-03     5.906129e-02      53401     5.496865e-02     9.307052e-01     3.216178e+03  
      53500     4.096623e-03     5.906129e-02      53501     5.496466e-02     9.306378e-01     3.222063e+03  
      53600     4.102184e-03     5.906129e-02      53601     5.495910e-02     9.305436e-01     3.227766e+03  
      53700     4.107392e-03     5.906129e-02      53701     5.495389e-02     9.304554e-01     3.233556e+03  
      53800     4.112263e-03     5.906129e-02      53801     5.494902e-02     9.303730e-01     3.239262e+03  
      53900     4.117016e-03     5.906129e-02      53901     5.494427e-02     9.302925e-01     3.245159e+03  
      54000     4.122712e-03     5.906129e-02      54001     5.493857e-02     9.301960e-01     3.251150e+03  
      54100     4.127290e-03     5.906129e-02      54101     5.493400e-02     9.301185e-01     3.256994e+03  
      54200     4.133321e-03     5.906129e-02      54201     5.492796e-02     9.300164e-01     3.263281e+03  
      54300     4.137428e-03     5.906129e-02      54301     5.492386e-02     9.299469e-01     3.269468e+03  
      54400     4.142731e-03     5.906129e-02      54401     5.491855e-02     9.298571e-01     3.275239e+03  
      54500     4.147511e-03     5.906129e-02      54501     5.491377e-02     9.297761e-01     3.280913e+03  
      54600     4.151993e-03     5.906129e-02      54601     5.490929e-02     9.297003e-01     3.286579e+03  
      54700     4.156174e-03     5.906129e-02      54701     5.490511e-02     9.296295e-01     3.292301e+03  
      54800     4.161243e-03     5.906129e-02      54801     5.490004e-02     9.295436e-01     3.297928e+03  
      54900     4.166507e-03     5.906129e-02      54901     5.489478e-02     9.294545e-01     3.303512e+03  
      55000     4.169957e-03     5.906129e-02      55001     5.489133e-02     9.293961e-01     3.309102e+03  
      55100     4.174125e-03     5.906129e-02      55101     5.488716e-02     9.293255e-01     3.314756e+03  
      55200     4.179299e-03     5.906129e-02      55201     5.488199e-02     9.292379e-01     3.320458e+03  
      55300     4.183835e-03     5.906129e-02      55301     5.487745e-02     9.291611e-01     3.326155e+03  
      55400     4.187689e-03     5.906129e-02      55401     5.487360e-02     9.290959e-01     3.331745e+03  
      55500     4.192476e-03     5.906129e-02      55501     5.486881e-02     9.290148e-01     3.337327e+03  
      55600     4.196401e-03     5.906129e-02      55601     5.486488e-02     9.289484e-01     3.342940e+03  
      55700     4.200490e-03     5.906129e-02      55701     5.486079e-02     9.288791e-01     3.348571e+03  
      55800     4.203850e-03     5.906129e-02      55801     5.485744e-02     9.288222e-01     3.354165e+03  
      55900     4.209767e-03     5.906129e-02      55901     5.485152e-02     9.287221e-01     3.359737e+03  
      56000     4.215938e-03     5.906129e-02      56001     5.484535e-02     9.286176e-01     3.365331e+03  
      56100     4.220467e-03     5.906129e-02      56101     5.484082e-02     9.285409e-01     3.370967e+03  
      56200     4.224386e-03     5.906129e-02      56201     5.483690e-02     9.284745e-01     3.376708e+03  
      56300     4.228848e-03     5.906129e-02      56301     5.483244e-02     9.283990e-01     3.382546e+03  
      56400     4.233243e-03     5.906129e-02      56401     5.482804e-02     9.283246e-01     3.388152e+03  
      56500     4.237896e-03     5.906129e-02      56501     5.482339e-02     9.282458e-01     3.393755e+03  
      56600     4.243734e-03     5.906129e-02      56601     5.481755e-02     9.281469e-01     3.399349e+03  
      56700     4.247931e-03     5.906129e-02      56701     5.481335e-02     9.280759e-01     3.404985e+03  
      56800     4.252770e-03     5.906129e-02      56801     5.480852e-02     9.279940e-01     3.410600e+03  
      56900     4.256947e-03     5.906129e-02      56901     5.480434e-02     9.279232e-01     3.416308e+03  
      57000     4.261965e-03     5.906129e-02      57001     5.479932e-02     9.278383e-01     3.422075e+03  
      57100     4.267332e-03     5.906129e-02      57101     5.479395e-02     9.277474e-01     3.428042e+03  
      57200     4.270996e-03     5.906129e-02      57201     5.479029e-02     9.276854e-01     3.434105e+03  
      57300     4.276118e-03     5.906129e-02      57301     5.478517e-02     9.275986e-01     3.439812e+03  
      57400     4.281312e-03     5.906129e-02      57401     5.477997e-02     9.275107e-01     3.445780e+03  
      57500     4.286696e-03     5.906129e-02      57501     5.477459e-02     9.274195e-01     3.451619e+03  
      57600     4.291393e-03     5.906129e-02      57601     5.476989e-02     9.273400e-01     3.457379e+03  
      57700     4.296684e-03     5.906129e-02      57701     5.476460e-02     9.272504e-01     3.463516e+03  
      57800     4.300511e-03     5.906129e-02      57801     5.476077e-02     9.271856e-01     3.469395e+03  
      57900     4.305469e-03     5.906129e-02      57901     5.475582e-02     9.271017e-01     3.475196e+03  
      58000     4.309300e-03     5.906129e-02      58001     5.475199e-02     9.270368e-01     3.481165e+03  
      58100     4.314049e-03     5.906129e-02      58101     5.474724e-02     9.269564e-01     3.487323e+03  
      58200     4.320305e-03     5.906129e-02      58201     5.474098e-02     9.268505e-01     3.493277e+03  
      58300     4.324521e-03     5.906129e-02      58301     5.473676e-02     9.267791e-01     3.499138e+03  
      58400     4.329604e-03     5.906129e-02      58401     5.473168e-02     9.266930e-01     3.504816e+03  
      58500     4.335141e-03     5.906129e-02      58501     5.472614e-02     9.265993e-01     3.510680e+03  
      58600     4.341322e-03     5.906129e-02      58601     5.471996e-02     9.264946e-01     3.516335e+03  
      58700     4.345245e-03     5.906129e-02      58701     5.471604e-02     9.264282e-01     3.522134e+03  
      58800     4.350411e-03     5.906129e-02      58801     5.471087e-02     9.263407e-01     3.527799e+03  
      58900     4.355393e-03     5.906129e-02      58901     5.470589e-02     9.262564e-01     3.533759e+03  
      59000     4.360486e-03     5.906129e-02      59001     5.470080e-02     9.261702e-01     3.539552e+03  
      59100     4.364812e-03     5.906129e-02      59101     5.469647e-02     9.260969e-01     3.545342e+03  
      59200     4.369735e-03     5.906129e-02      59201     5.469155e-02     9.260136e-01     3.551156e+03  
      59300     4.373942e-03     5.906129e-02      59301     5.468734e-02     9.259423e-01     3.556923e+03  
      59400     4.377996e-03     5.906129e-02      59401     5.468329e-02     9.258737e-01     3.562606e+03  
      59500     4.383293e-03     5.906129e-02      59501     5.467799e-02     9.257840e-01     3.568676e+03  
      59600     4.388005e-03     5.906129e-02      59601     5.467328e-02     9.257042e-01     3.574572e+03  
      59700     4.391965e-03     5.906129e-02      59701     5.466932e-02     9.256372e-01     3.580508e+03  
      59800     4.397364e-03     5.906129e-02      59801     5.466392e-02     9.255457e-01     3.586294e+03  
      59900     4.402282e-03     5.906129e-02      59901     5.465900e-02     9.254625e-01     3.591983e+03  
      60000     4.406929e-03     5.906129e-02      60001     5.465436e-02     9.253838e-01     3.597689e+03  
      60041     4.408945e-03     5.906129e-02      60042     5.465234e-02     9.253497e-01     3.600021e+03  

************************************************************************************************************************
*                                                                                                                      *
*                                              *** Reached CPU time limit! ***                                             *
*                                                                                                                      *
************************************************************************************************************************

  Problem statistics: 
    Variables                                = 88
      Thereof binary                         = 88
    Inequality constraints                   = 0
    Equality constraints                     = 22

  Solution statistics: 
    Total UBD problems solved         = 60041
    Total LBD problems solved         = 60041
    Total number of iterations        = 60041
    Maximum number of nodes in memory = 60042
    Best solution first found at iteration 31393

===================================================================

  Final LBD          = 0.004408945265511787
  Final absolute gap = 0.05465234009527838
  Final relative gap = 0.9253496560635504
  Objective value = 0.05906128536079016
  Solution point:
     x_0 =                    0
     x_1 =                    1
     x_2 =                    0
     x_3 =                    0
     x_4 =                    1
     x_5 =                    0
     x_6 =                    0
     x_7 =                    0
     x_8 =                    0
     x_9 =                    0
    x_10 =                    0
    x_11 =                    1
    x_12 =                    1
    x_13 =                    0
    x_14 =                    0
    x_15 =                    0
    x_16 =                    0
    x_17 =                    0
    x_18 =                    0
    x_19 =                    1
    x_20 =                    0
    x_21 =                    1
    x_22 =                    0
    x_23 =                    0
    x_24 =                    0
    x_25 =                    0
    x_26 =                    0
    x_27 =                    1
    x_28 =                    0
    x_29 =                    0
    x_30 =                    0
    x_31 =                    1
    x_32 =                    0
    x_33 =                    1
    x_34 =                    0
    x_35 =                    0
    x_36 =                    1
    x_37 =                    0
    x_38 =                    0
    x_39 =                    0
    x_40 =                    0
    x_41 =                    0
    x_42 =                    0
    x_43 =                    1
    x_44 =                    0
    x_45 =                    0
    x_46 =                    0
    x_47 =                    1
    x_48 =                    0
    x_49 =                    0
    x_50 =                    1
    x_51 =                    0
    x_52 =                    0
    x_53 =                    0
    x_54 =                    1
    x_55 =                    0
    x_56 =                    0
    x_57 =                    0
    x_58 =                    0
    x_59 =                    1
    x_60 =                    0
    x_61 =                    0
    x_62 =                    1
    x_63 =                    0
    x_64 =                    1
    x_65 =                    0
    x_66 =                    0
    x_67 =                    0
    x_68 =                    1
    x_69 =                    0
    x_70 =                    0
    x_71 =                    0
    x_72 =                    0
    x_73 =                    0
    x_74 =                    0
    x_75 =                    1
    x_76 =                    0
    x_77 =                    0
    x_78 =                    0
    x_79 =                    1
    x_80 =                    1
    x_81 =                    0
    x_82 =                    0
    x_83 =                    0
    x_84 =                    1
    x_85 =                    0
    x_86 =                    0
    x_87 =                    0

===================================================================

  Additional Model outputs: 
    Expression:  = 0.05697473471547001

===================================================================

  CPU time:        3600.033 seconds (Preprocessing + B&B).
                   This equals 1h 0m 0.033s (CPU).
  Wall-clock time: 3583.643 seconds (Preprocessing + B&B).
                   This equals 59m 43.643s (wall clock).
